# JRE version: Java(TM) SE Runtime Environment (8.0_161-b12) (build 1.8.0_161-b12)
# Java VM: Java HotSpot(TM) 64-Bit Server VM (25.161-b12 mixed mode windows-amd64 compressed oops)
Heap:
 PSYoungGen      total 243200K, used 143603K [0x00000000d5a00000, 0x00000000e5b00000, 0x0000000100000000)
  eden space 229376K, 56% used [0x00000000d5a00000,0x00000000dd8bdec8,0x00000000e3a00000)
  from space 13824K, 99% used [0x00000000e4d80000,0x00000000e5afed98,0x00000000e5b00000)
  to   space 15360K, 0% used [0x00000000e3d00000,0x00000000e3d00000,0x00000000e4c00000)
 ParOldGen       total 80896K, used 19257K [0x0000000080e00000, 0x0000000085d00000, 0x00000000d5a00000)
  object space 80896K, 23% used [0x0000000080e00000,0x00000000820ce4e0,0x0000000085d00000)
 Metaspace       used 48464K, capacity 50086K, committed 50304K, reserved 1093632K
  class space    used 6592K, capacity 7000K, committed 7040K, reserved 1048576K
GC Heap History (10 events):
Event: 5.129 GC heap before
{Heap before GC invocations=8 (full 1):
 PSYoungGen      total 115200K, used 115140K [0x00000000d5a00000, 0x00000000ded00000, 0x0000000100000000)
  eden space 108544K, 100% used [0x00000000d5a00000,0x00000000dc400000,0x00000000dc400000)
  from space 6656K, 99% used [0x00000000de680000,0x00000000decf1160,0x00000000ded00000)
  to   space 10240K, 0% used [0x00000000dd900000,0x00000000dd900000,0x00000000de300000)
 ParOldGen       total 60416K, used 10479K [0x0000000080e00000, 0x0000000084900000, 0x00000000d5a00000)
  object space 60416K, 17% used [0x0000000080e00000,0x000000008183bcb8,0x0000000084900000)
 Metaspace       used 32948K, capacity 33684K, committed 33920K, reserved 1079296K
  class space    used 4499K, capacity 4707K, committed 4736K, reserved 1048576K
Event: 5.142 GC heap after
Heap after GC invocations=8 (full 1):
 PSYoungGen      total 140288K, used 10236K [0x00000000d5a00000, 0x00000000e1900000, 0x0000000100000000)
  eden space 130048K, 0% used [0x00000000d5a00000,0x00000000d5a00000,0x00000000dd900000)
  from space 10240K, 99% used [0x00000000dd900000,0x00000000de2ff1d0,0x00000000de300000)
  to   space 12288K, 0% used [0x00000000e0d00000,0x00000000e0d00000,0x00000000e1900000)
 ParOldGen       total 60416K, used 11303K [0x0000000080e00000, 0x0000000084900000, 0x00000000d5a00000)
  object space 60416K, 18% used [0x0000000080e00000,0x0000000081909cf8,0x0000000084900000)
 Metaspace       used 32948K, capacity 33684K, committed 33920K, reserved 1079296K
  class space    used 4499K, capacity 4707K, committed 4736K, reserved 1048576K
}
Event: 5.387 GC heap before
{Heap before GC invocations=9 (full 1):
 PSYoungGen      total 140288K, used 34002K [0x00000000d5a00000, 0x00000000e1900000, 0x0000000100000000)
  eden space 130048K, 18% used [0x00000000d5a00000,0x00000000d71356f0,0x00000000dd900000)
  from space 10240K, 99% used [0x00000000dd900000,0x00000000de2ff1d0,0x00000000de300000)
  to   space 12288K, 0% used [0x00000000e0d00000,0x00000000e0d00000,0x00000000e1900000)
 ParOldGen       total 60416K, used 11303K [0x0000000080e00000, 0x0000000084900000, 0x00000000d5a00000)
  object space 60416K, 18% used [0x0000000080e00000,0x0000000081909cf8,0x0000000084900000)
 Metaspace       used 34508K, capacity 35158K, committed 35456K, reserved 1079296K
  class space    used 4694K, capacity 4876K, committed 4992K, reserved 1048576K
Event: 5.443 GC heap after
Heap after GC invocations=9 (full 1):
 PSYoungGen      total 182784K, used 10343K [0x00000000d5a00000, 0x00000000e4f80000, 0x0000000100000000)
  eden space 170496K, 0% used [0x00000000d5a00000,0x00000000d5a00000,0x00000000e0080000)
  from space 12288K, 84% used [0x00000000e0d00000,0x00000000e1719e18,0x00000000e1900000)
  to   space 12800K, 0% used [0x00000000e0080000,0x00000000e0080000,0x00000000e0d00000)
 ParOldGen       total 60416K, used 11311K [0x0000000080e00000, 0x0000000084900000, 0x00000000d5a00000)
  object space 60416K, 18% used [0x0000000080e00000,0x000000008190bcf8,0x0000000084900000)
 Metaspace       used 34508K, capacity 35158K, committed 35456K, reserved 1079296K
  class space    used 4694K, capacity 4876K, committed 4992K, reserved 1048576K
}
Event: 5.443 GC heap before
{Heap before GC invocations=10 (full 2):
 PSYoungGen      total 182784K, used 10343K [0x00000000d5a00000, 0x00000000e4f80000, 0x0000000100000000)
  eden space 170496K, 0% used [0x00000000d5a00000,0x00000000d5a00000,0x00000000e0080000)
  from space 12288K, 84% used [0x00000000e0d00000,0x00000000e1719e18,0x00000000e1900000)
  to   space 12800K, 0% used [0x00000000e0080000,0x00000000e0080000,0x00000000e0d00000)
 ParOldGen       total 60416K, used 11311K [0x0000000080e00000, 0x0000000084900000, 0x00000000d5a00000)
  object space 60416K, 18% used [0x0000000080e00000,0x000000008190bcf8,0x0000000084900000)
 Metaspace       used 34508K, capacity 35158K, committed 35456K, reserved 1079296K
  class space    used 4694K, capacity 4876K, committed 4992K, reserved 1048576K
Event: 5.566 GC heap after
Heap after GC invocations=10 (full 2):
 PSYoungGen      total 182784K, used 0K [0x00000000d5a00000, 0x00000000e4f80000, 0x0000000100000000)
  eden space 170496K, 0% used [0x00000000d5a00000,0x00000000d5a00000,0x00000000e0080000)
  from space 12288K, 0% used [0x00000000e0d00000,0x00000000e0d00000,0x00000000e1900000)
  to   space 12800K, 0% used [0x00000000e0080000,0x00000000e0080000,0x00000000e0d00000)
 ParOldGen       total 80896K, used 18121K [0x0000000080e00000, 0x0000000085d00000, 0x00000000d5a00000)
  object space 80896K, 22% used [0x0000000080e00000,0x0000000081fb25f8,0x0000000085d00000)
 Metaspace       used 34508K, capacity 35158K, committed 35456K, reserved 1079296K
  class space    used 4694K, capacity 4876K, committed 4992K, reserved 1048576K
}
Event: 7.488 GC heap before
{Heap before GC invocations=11 (full 2):
 PSYoungGen      total 182784K, used 170496K [0x00000000d5a00000, 0x00000000e4f80000, 0x0000000100000000)
  eden space 170496K, 100% used [0x00000000d5a00000,0x00000000e0080000,0x00000000e0080000)
  from space 12288K, 0% used [0x00000000e0d00000,0x00000000e0d00000,0x00000000e1900000)
  to   space 12800K, 0% used [0x00000000e0080000,0x00000000e0080000,0x00000000e0d00000)
 ParOldGen       total 80896K, used 18121K [0x0000000080e00000, 0x0000000085d00000, 0x00000000d5a00000)
  object space 80896K, 22% used [0x0000000080e00000,0x0000000081fb25f8,0x0000000085d00000)
 Metaspace       used 41353K, capacity 42272K, committed 42496K, reserved 1085440K
  class space    used 5589K, capacity 5867K, committed 5888K, reserved 1048576K
Event: 7.497 GC heap after
Heap after GC invocations=11 (full 2):
 PSYoungGen      total 183296K, used 11119K [0x00000000d5a00000, 0x00000000e5b00000, 0x0000000100000000)
  eden space 170496K, 0% used [0x00000000d5a00000,0x00000000d5a00000,0x00000000e0080000)
  from space 12800K, 86% used [0x00000000e0080000,0x00000000e0b5bcd8,0x00000000e0d00000)
  to   space 13824K, 0% used [0x00000000e4d80000,0x00000000e4d80000,0x00000000e5b00000)
 ParOldGen       total 80896K, used 18193K [0x0000000080e00000, 0x0000000085d00000, 0x00000000d5a00000)
  object space 80896K, 22% used [0x0000000080e00000,0x0000000081fc4608,0x0000000085d00000)
 Metaspace       used 41353K, capacity 42272K, committed 42496K, reserved 1085440K
  class space    used 5589K, capacity 5867K, committed 5888K, reserved 1048576K
}
Event: 9.723 GC heap before
{Heap before GC invocations=12 (full 2):
 PSYoungGen      total 183296K, used 181615K [0x00000000d5a00000, 0x00000000e5b00000, 0x0000000100000000)
  eden space 170496K, 100% used [0x00000000d5a00000,0x00000000e0080000,0x00000000e0080000)
  from space 12800K, 86% used [0x00000000e0080000,0x00000000e0b5bcd8,0x00000000e0d00000)
  to   space 13824K, 0% used [0x00000000e4d80000,0x00000000e4d80000,0x00000000e5b00000)
 ParOldGen       total 80896K, used 18193K [0x0000000080e00000, 0x0000000085d00000, 0x00000000d5a00000)
  object space 80896K, 22% used [0x0000000080e00000,0x0000000081fc4608,0x0000000085d00000)
 Metaspace       used 46457K, capacity 47820K, committed 48128K, reserved 1091584K
  class space    used 6288K, capacity 6639K, committed 6656K, reserved 1048576K
Event: 9.735 GC heap after
Heap after GC invocations=12 (full 2):
 PSYoungGen      total 243200K, used 13819K [0x00000000d5a00000, 0x00000000e5b00000, 0x0000000100000000)
  eden space 229376K, 0% used [0x00000000d5a00000,0x00000000d5a00000,0x00000000e3a00000)
  from space 13824K, 99% used [0x00000000e4d80000,0x00000000e5afed98,0x00000000e5b00000)
  to   space 15360K, 0% used [0x00000000e3d00000,0x00000000e3d00000,0x00000000e4c00000)
 ParOldGen       total 80896K, used 19257K [0x0000000080e00000, 0x0000000085d00000, 0x00000000d5a00000)
  object space 80896K, 23% used [0x0000000080e00000,0x00000000820ce4e0,0x0000000085d00000)
 Metaspace       used 46457K, capacity 47820K, committed 48128K, reserved 1091584K
  class space    used 6288K, capacity 6639K, committed 6656K, reserved 1048576K
}

