# JRE version: Java(TM) SE Runtime Environment (8.0_161-b12) (build 1.8.0_161-b12)
# Java VM: Java HotSpot(TM) 64-Bit Server VM (25.161-b12 mixed mode windows-amd64 compressed oops)
Heap:
 PSYoungGen      total 253440K, used 99500K [0x00000000d5a00000, 0x00000000e6480000, 0x0000000100000000)
  eden space 239104K, 35% used [0x00000000d5a00000,0x00000000dad32b38,0x00000000e4380000)
  from space 14336K, 99% used [0x00000000e5680000,0x00000000e6478568,0x00000000e6480000)
  to   space 16384K, 0% used [0x00000000e4480000,0x00000000e4480000,0x00000000e5480000)
 ParOldGen       total 81408K, used 18378K [0x0000000080e00000, 0x0000000085d80000, 0x00000000d5a00000)
  object space 81408K, 22% used [0x0000000080e00000,0x0000000081ff2bd0,0x0000000085d80000)
 Metaspace       used 48442K, capacity 50082K, committed 50264K, reserved 1093632K
  class space    used 6591K, capacity 7000K, committed 7000K, reserved 1048576K
GC Heap History (10 events):
Event: 5.156 GC heap before
{Heap before GC invocations=8 (full 1):
 PSYoungGen      total 118272K, used 118194K [0x00000000d5a00000, 0x00000000ded80000, 0x0000000100000000)
  eden space 111616K, 100% used [0x00000000d5a00000,0x00000000dc700000,0x00000000dc700000)
  from space 6656K, 98% used [0x00000000de700000,0x00000000ded6cb20,0x00000000ded80000)
  to   space 10240K, 0% used [0x00000000dd980000,0x00000000dd980000,0x00000000de380000)
 ParOldGen       total 59904K, used 11683K [0x0000000080e00000, 0x0000000084880000, 0x00000000d5a00000)
  object space 59904K, 19% used [0x0000000080e00000,0x0000000081968fa0,0x0000000084880000)
 Metaspace       used 33279K, capacity 33986K, committed 34304K, reserved 1079296K
  class space    used 4535K, capacity 4742K, committed 4864K, reserved 1048576K
Event: 5.182 GC heap after
Heap after GC invocations=8 (full 1):
 PSYoungGen      total 140800K, used 10221K [0x00000000d5a00000, 0x00000000e2400000, 0x0000000100000000)
  eden space 130560K, 0% used [0x00000000d5a00000,0x00000000d5a00000,0x00000000dd980000)
  from space 10240K, 99% used [0x00000000dd980000,0x00000000de37b790,0x00000000de380000)
  to   space 12288K, 0% used [0x00000000e1800000,0x00000000e1800000,0x00000000e2400000)
 ParOldGen       total 59904K, used 13299K [0x0000000080e00000, 0x0000000084880000, 0x00000000d5a00000)
  object space 59904K, 22% used [0x0000000080e00000,0x0000000081afcc10,0x0000000084880000)
 Metaspace       used 33279K, capacity 33986K, committed 34304K, reserved 1079296K
  class space    used 4535K, capacity 4742K, committed 4864K, reserved 1048576K
}
Event: 5.380 GC heap before
{Heap before GC invocations=9 (full 1):
 PSYoungGen      total 140800K, used 31352K [0x00000000d5a00000, 0x00000000e2400000, 0x0000000100000000)
  eden space 130560K, 16% used [0x00000000d5a00000,0x00000000d6ea2c08,0x00000000dd980000)
  from space 10240K, 99% used [0x00000000dd980000,0x00000000de37b790,0x00000000de380000)
  to   space 12288K, 0% used [0x00000000e1800000,0x00000000e1800000,0x00000000e2400000)
 ParOldGen       total 59904K, used 13299K [0x0000000080e00000, 0x0000000084880000, 0x00000000d5a00000)
  object space 59904K, 22% used [0x0000000080e00000,0x0000000081afcc10,0x0000000084880000)
 Metaspace       used 34559K, capacity 35156K, committed 35416K, reserved 1079296K
  class space    used 4698K, capacity 4877K, committed 4952K, reserved 1048576K
Event: 5.388 GC heap after
Heap after GC invocations=9 (full 1):
 PSYoungGen      total 194048K, used 10080K [0x00000000d5a00000, 0x00000000e4380000, 0x0000000100000000)
  eden space 181760K, 0% used [0x00000000d5a00000,0x00000000d5a00000,0x00000000e0b80000)
  from space 12288K, 82% used [0x00000000e1800000,0x00000000e21d8340,0x00000000e2400000)
  to   space 12800K, 0% used [0x00000000e0b80000,0x00000000e0b80000,0x00000000e1800000)
 ParOldGen       total 59904K, used 13371K [0x0000000080e00000, 0x0000000084880000, 0x00000000d5a00000)
  object space 59904K, 22% used [0x0000000080e00000,0x0000000081b0ec20,0x0000000084880000)
 Metaspace       used 34559K, capacity 35156K, committed 35416K, reserved 1079296K
  class space    used 4698K, capacity 4877K, committed 4952K, reserved 1048576K
}
Event: 5.388 GC heap before
{Heap before GC invocations=10 (full 2):
 PSYoungGen      total 194048K, used 10080K [0x00000000d5a00000, 0x00000000e4380000, 0x0000000100000000)
  eden space 181760K, 0% used [0x00000000d5a00000,0x00000000d5a00000,0x00000000e0b80000)
  from space 12288K, 82% used [0x00000000e1800000,0x00000000e21d8340,0x00000000e2400000)
  to   space 12800K, 0% used [0x00000000e0b80000,0x00000000e0b80000,0x00000000e1800000)
 ParOldGen       total 59904K, used 13371K [0x0000000080e00000, 0x0000000084880000, 0x00000000d5a00000)
  object space 59904K, 22% used [0x0000000080e00000,0x0000000081b0ec20,0x0000000084880000)
 Metaspace       used 34559K, capacity 35156K, committed 35416K, reserved 1079296K
  class space    used 4698K, capacity 4877K, committed 4952K, reserved 1048576K
Event: 5.454 GC heap after
Heap after GC invocations=10 (full 2):
 PSYoungGen      total 194048K, used 0K [0x00000000d5a00000, 0x00000000e4380000, 0x0000000100000000)
  eden space 181760K, 0% used [0x00000000d5a00000,0x00000000d5a00000,0x00000000e0b80000)
  from space 12288K, 0% used [0x00000000e1800000,0x00000000e1800000,0x00000000e2400000)
  to   space 12800K, 0% used [0x00000000e0b80000,0x00000000e0b80000,0x00000000e1800000)
 ParOldGen       total 81408K, used 17862K [0x0000000080e00000, 0x0000000085d80000, 0x00000000d5a00000)
  object space 81408K, 21% used [0x0000000080e00000,0x0000000081f71bb8,0x0000000085d80000)
 Metaspace       used 34559K, capacity 35156K, committed 35416K, reserved 1079296K
  class space    used 4698K, capacity 4877K, committed 4952K, reserved 1048576K
}
Event: 7.817 GC heap before
{Heap before GC invocations=11 (full 2):
 PSYoungGen      total 194048K, used 181760K [0x00000000d5a00000, 0x00000000e4380000, 0x0000000100000000)
  eden space 181760K, 100% used [0x00000000d5a00000,0x00000000e0b80000,0x00000000e0b80000)
  from space 12288K, 0% used [0x00000000e1800000,0x00000000e1800000,0x00000000e2400000)
  to   space 12800K, 0% used [0x00000000e0b80000,0x00000000e0b80000,0x00000000e1800000)
 ParOldGen       total 81408K, used 17862K [0x0000000080e00000, 0x0000000085d80000, 0x00000000d5a00000)
  object space 81408K, 21% used [0x0000000080e00000,0x0000000081f71bb8,0x0000000085d80000)
 Metaspace       used 42303K, capacity 43318K, committed 43736K, reserved 1087488K
  class space    used 5709K, capacity 6006K, committed 6104K, reserved 1048576K
Event: 7.828 GC heap after
Heap after GC invocations=11 (full 2):
 PSYoungGen      total 194560K, used 12787K [0x00000000d5a00000, 0x00000000e6480000, 0x0000000100000000)
  eden space 181760K, 0% used [0x00000000d5a00000,0x00000000d5a00000,0x00000000e0b80000)
  from space 12800K, 99% used [0x00000000e0b80000,0x00000000e17fcde8,0x00000000e1800000)
  to   space 14336K, 0% used [0x00000000e5680000,0x00000000e5680000,0x00000000e6480000)
 ParOldGen       total 81408K, used 17956K [0x0000000080e00000, 0x0000000085d80000, 0x00000000d5a00000)
  object space 81408K, 22% used [0x0000000080e00000,0x0000000081f89270,0x0000000085d80000)
 Metaspace       used 42303K, capacity 43318K, committed 43736K, reserved 1087488K
  class space    used 5709K, capacity 6006K, committed 6104K, reserved 1048576K
}
Event: 10.089 GC heap before
{Heap before GC invocations=12 (full 2):
 PSYoungGen      total 194560K, used 194547K [0x00000000d5a00000, 0x00000000e6480000, 0x0000000100000000)
  eden space 181760K, 100% used [0x00000000d5a00000,0x00000000e0b80000,0x00000000e0b80000)
  from space 12800K, 99% used [0x00000000e0b80000,0x00000000e17fcde8,0x00000000e1800000)
  to   space 14336K, 0% used [0x00000000e5680000,0x00000000e5680000,0x00000000e6480000)
 ParOldGen       total 81408K, used 17956K [0x0000000080e00000, 0x0000000085d80000, 0x00000000d5a00000)
  object space 81408K, 22% used [0x0000000080e00000,0x0000000081f89270,0x0000000085d80000)
 Metaspace       used 46921K, capacity 48168K, committed 48472K, reserved 1091584K
  class space    used 6364K, capacity 6711K, committed 6744K, reserved 1048576K
Event: 10.107 GC heap after
Heap after GC invocations=12 (full 2):
 PSYoungGen      total 253440K, used 14305K [0x00000000d5a00000, 0x00000000e6480000, 0x0000000100000000)
  eden space 239104K, 0% used [0x00000000d5a00000,0x00000000d5a00000,0x00000000e4380000)
  from space 14336K, 99% used [0x00000000e5680000,0x00000000e6478568,0x00000000e6480000)
  to   space 16384K, 0% used [0x00000000e4480000,0x00000000e4480000,0x00000000e5480000)
 ParOldGen       total 81408K, used 18378K [0x0000000080e00000, 0x0000000085d80000, 0x00000000d5a00000)
  object space 81408K, 22% used [0x0000000080e00000,0x0000000081ff2bd0,0x0000000085d80000)
 Metaspace       used 46921K, capacity 48168K, committed 48472K, reserved 1091584K
  class space    used 6364K, capacity 6711K, committed 6744K, reserved 1048576K
}

