# JRE version: Java(TM) SE Runtime Environment (8.0_161-b12) (build 1.8.0_161-b12)
# Java VM: Java HotSpot(TM) 64-Bit Server VM (25.161-b12 mixed mode windows-amd64 compressed oops)
Heap:
 PSYoungGen      total 441856K, used 82211K [0x00000000d5a00000, 0x00000000f2d00000, 0x0000000100000000)
  eden space 413696K, 17% used [0x00000000d5a00000,0x00000000da248ef8,0x00000000eee00000)
  from space 28160K, 29% used [0x00000000f1180000,0x00000000f1980020,0x00000000f2d00000)
  to   space 32256K, 0% used [0x00000000eee00000,0x00000000eee00000,0x00000000f0d80000)
 ParOldGen       total 190976K, used 85274K [0x0000000080e00000, 0x000000008c880000, 0x00000000d5a00000)
  object space 190976K, 44% used [0x0000000080e00000,0x00000000861468d0,0x000000008c880000)
 Metaspace       used 59886K, capacity 64002K, committed 64344K, reserved 1103872K
  class space    used 8029K, capacity 9045K, committed 9088K, reserved 1048576K
GC Heap History (10 events):
Event: 25.005 GC heap before
{Heap before GC invocations=19 (full 3):
 PSYoungGen      total 323072K, used 292352K [0x00000000d5a00000, 0x00000000eff00000, 0x0000000100000000)
  eden space 292352K, 100% used [0x00000000d5a00000,0x00000000e7780000,0x00000000e7780000)
  from space 30720K, 0% used [0x00000000e7780000,0x00000000e7780000,0x00000000e9580000)
  to   space 36864K, 0% used [0x00000000edb00000,0x00000000edb00000,0x00000000eff00000)
 ParOldGen       total 190976K, used 85234K [0x0000000080e00000, 0x000000008c880000, 0x00000000d5a00000)
  object space 190976K, 44% used [0x0000000080e00000,0x000000008613c8d0,0x000000008c880000)
 Metaspace       used 56653K, capacity 60416K, committed 60632K, reserved 1101824K
  class space    used 7644K, capacity 8620K, committed 8704K, reserved 1048576K
Event: 25.012 GC heap after
Heap after GC invocations=19 (full 3):
 PSYoungGen      total 378880K, used 7892K [0x00000000d5a00000, 0x00000000ef700000, 0x0000000100000000)
  eden space 350208K, 0% used [0x00000000d5a00000,0x00000000d5a00000,0x00000000eb000000)
  from space 28672K, 27% used [0x00000000edb00000,0x00000000ee2b51f0,0x00000000ef700000)
  to   space 36352K, 0% used [0x00000000eb000000,0x00000000eb000000,0x00000000ed380000)
 ParOldGen       total 190976K, used 85242K [0x0000000080e00000, 0x000000008c880000, 0x00000000d5a00000)
  object space 190976K, 44% used [0x0000000080e00000,0x000000008613e8d0,0x000000008c880000)
 Metaspace       used 56653K, capacity 60416K, committed 60632K, reserved 1101824K
  class space    used 7644K, capacity 8620K, committed 8704K, reserved 1048576K
}
Event: 27.428 GC heap before
{Heap before GC invocations=20 (full 3):
 PSYoungGen      total 378880K, used 358100K [0x00000000d5a00000, 0x00000000ef700000, 0x0000000100000000)
  eden space 350208K, 100% used [0x00000000d5a00000,0x00000000eb000000,0x00000000eb000000)
  from space 28672K, 27% used [0x00000000edb00000,0x00000000ee2b51f0,0x00000000ef700000)
  to   space 36352K, 0% used [0x00000000eb000000,0x00000000eb000000,0x00000000ed380000)
 ParOldGen       total 190976K, used 85242K [0x0000000080e00000, 0x000000008c880000, 0x00000000d5a00000)
  object space 190976K, 44% used [0x0000000080e00000,0x000000008613e8d0,0x000000008c880000)
 Metaspace       used 56909K, capacity 60796K, committed 60888K, reserved 1101824K
  class space    used 7668K, capacity 8662K, committed 8704K, reserved 1048576K
Event: 27.435 GC heap after
Heap after GC invocations=20 (full 3):
 PSYoungGen      total 386560K, used 8688K [0x00000000d5a00000, 0x00000000f1b80000, 0x0000000100000000)
  eden space 350208K, 0% used [0x00000000d5a00000,0x00000000d5a00000,0x00000000eb000000)
  from space 36352K, 23% used [0x00000000eb000000,0x00000000eb87c030,0x00000000ed380000)
  to   space 35328K, 0% used [0x00000000ef900000,0x00000000ef900000,0x00000000f1b80000)
 ParOldGen       total 190976K, used 85250K [0x0000000080e00000, 0x000000008c880000, 0x00000000d5a00000)
  object space 190976K, 44% used [0x0000000080e00000,0x00000000861408d0,0x000000008c880000)
 Metaspace       used 56909K, capacity 60796K, committed 60888K, reserved 1101824K
  class space    used 7668K, capacity 8662K, committed 8704K, reserved 1048576K
}
Event: 29.410 GC heap before
{Heap before GC invocations=21 (full 3):
 PSYoungGen      total 386560K, used 358896K [0x00000000d5a00000, 0x00000000f1b80000, 0x0000000100000000)
  eden space 350208K, 100% used [0x00000000d5a00000,0x00000000eb000000,0x00000000eb000000)
  from space 36352K, 23% used [0x00000000eb000000,0x00000000eb87c030,0x00000000ed380000)
  to   space 35328K, 0% used [0x00000000ef900000,0x00000000ef900000,0x00000000f1b80000)
 ParOldGen       total 190976K, used 85250K [0x0000000080e00000, 0x000000008c880000, 0x00000000d5a00000)
  object space 190976K, 44% used [0x0000000080e00000,0x00000000861408d0,0x000000008c880000)
 Metaspace       used 57193K, capacity 61262K, committed 61528K, reserved 1101824K
  class space    used 7705K, capacity 8729K, committed 8832K, reserved 1048576K
Event: 29.416 GC heap after
Heap after GC invocations=21 (full 3):
 PSYoungGen      total 411648K, used 8384K [0x00000000d5a00000, 0x00000000f1400000, 0x0000000100000000)
  eden space 384000K, 0% used [0x00000000d5a00000,0x00000000d5a00000,0x00000000ed100000)
  from space 27648K, 30% used [0x00000000ef900000,0x00000000f0130000,0x00000000f1400000)
  to   space 34304K, 0% used [0x00000000ed100000,0x00000000ed100000,0x00000000ef280000)
 ParOldGen       total 190976K, used 85258K [0x0000000080e00000, 0x000000008c880000, 0x00000000d5a00000)
  object space 190976K, 44% used [0x0000000080e00000,0x00000000861428d0,0x000000008c880000)
 Metaspace       used 57193K, capacity 61262K, committed 61528K, reserved 1101824K
  class space    used 7705K, capacity 8729K, committed 8832K, reserved 1048576K
}
Event: 31.470 GC heap before
{Heap before GC invocations=22 (full 3):
 PSYoungGen      total 411648K, used 392384K [0x00000000d5a00000, 0x00000000f1400000, 0x0000000100000000)
  eden space 384000K, 100% used [0x00000000d5a00000,0x00000000ed100000,0x00000000ed100000)
  from space 27648K, 30% used [0x00000000ef900000,0x00000000f0130000,0x00000000f1400000)
  to   space 34304K, 0% used [0x00000000ed100000,0x00000000ed100000,0x00000000ef280000)
 ParOldGen       total 190976K, used 85258K [0x0000000080e00000, 0x000000008c880000, 0x00000000d5a00000)
  object space 190976K, 44% used [0x0000000080e00000,0x00000000861428d0,0x000000008c880000)
 Metaspace       used 57572K, capacity 61734K, committed 61784K, reserved 1101824K
  class space    used 7779K, capacity 8783K, committed 8832K, reserved 1048576K
Event: 31.478 GC heap after
Heap after GC invocations=22 (full 3):
 PSYoungGen      total 418304K, used 9280K [0x00000000d5a00000, 0x00000000f3200000, 0x0000000100000000)
  eden space 384000K, 0% used [0x00000000d5a00000,0x00000000d5a00000,0x00000000ed100000)
  from space 34304K, 27% used [0x00000000ed100000,0x00000000eda10020,0x00000000ef280000)
  to   space 33280K, 0% used [0x00000000f1180000,0x00000000f1180000,0x00000000f3200000)
 ParOldGen       total 190976K, used 85266K [0x0000000080e00000, 0x000000008c880000, 0x00000000d5a00000)
  object space 190976K, 44% used [0x0000000080e00000,0x00000000861448d0,0x000000008c880000)
 Metaspace       used 57572K, capacity 61734K, committed 61784K, reserved 1101824K
  class space    used 7779K, capacity 8783K, committed 8832K, reserved 1048576K
}
Event: 33.199 GC heap before
{Heap before GC invocations=23 (full 3):
 PSYoungGen      total 418304K, used 393280K [0x00000000d5a00000, 0x00000000f3200000, 0x0000000100000000)
  eden space 384000K, 100% used [0x00000000d5a00000,0x00000000ed100000,0x00000000ed100000)
  from space 34304K, 27% used [0x00000000ed100000,0x00000000eda10020,0x00000000ef280000)
  to   space 33280K, 0% used [0x00000000f1180000,0x00000000f1180000,0x00000000f3200000)
 ParOldGen       total 190976K, used 85266K [0x0000000080e00000, 0x000000008c880000, 0x00000000d5a00000)
  object space 190976K, 44% used [0x0000000080e00000,0x00000000861448d0,0x000000008c880000)
 Metaspace       used 57612K, capacity 61736K, committed 61784K, reserved 1101824K
  class space    used 7780K, capacity 8784K, committed 8832K, reserved 1048576K
Event: 33.208 GC heap after
Heap after GC invocations=23 (full 3):
 PSYoungGen      total 441856K, used 8192K [0x00000000d5a00000, 0x00000000f2d00000, 0x0000000100000000)
  eden space 413696K, 0% used [0x00000000d5a00000,0x00000000d5a00000,0x00000000eee00000)
  from space 28160K, 29% used [0x00000000f1180000,0x00000000f1980020,0x00000000f2d00000)
  to   space 32256K, 0% used [0x00000000eee00000,0x00000000eee00000,0x00000000f0d80000)
 ParOldGen       total 190976K, used 85274K [0x0000000080e00000, 0x000000008c880000, 0x00000000d5a00000)
  object space 190976K, 44% used [0x0000000080e00000,0x00000000861468d0,0x000000008c880000)
 Metaspace       used 57612K, capacity 61736K, committed 61784K, reserved 1101824K
  class space    used 7780K, capacity 8784K, committed 8832K, reserved 1048576K
}

