# JRE version: Java(TM) SE Runtime Environment (8.0_161-b12) (build 1.8.0_161-b12)
# Java VM: Java HotSpot(TM) 64-Bit Server VM (25.161-b12 mixed mode windows-amd64 compressed oops)
Heap:
 PSYoungGen      total 255488K, used 144748K [0x00000000d5a00000, 0x00000000e6500000, 0x0000000100000000)
  eden space 239104K, 53% used [0x00000000d5a00000,0x00000000dd75b388,0x00000000e4380000)
  from space 16384K, 100% used [0x00000000e4500000,0x00000000e5500000,0x00000000e5500000)
  to   space 11776K, 0% used [0x00000000e5980000,0x00000000e5980000,0x00000000e6500000)
 ParOldGen       total 77824K, used 51693K [0x0000000080e00000, 0x0000000085a00000, 0x00000000d5a00000)
  object space 77824K, 66% used [0x0000000080e00000,0x000000008407b7f8,0x0000000085a00000)
 Metaspace       used 54450K, capacity 57264K, committed 57472K, reserved 1099776K
  class space    used 7301K, capacity 8056K, committed 8064K, reserved 1048576K
GC Heap History (10 events):
Event: 21.131 GC heap before
{Heap before GC invocations=13 (full 2):
 PSYoungGen      total 153600K, used 153374K [0x00000000d5a00000, 0x00000000e0c80000, 0x0000000100000000)
  eden space 144384K, 100% used [0x00000000d5a00000,0x00000000de700000,0x00000000de700000)
  from space 9216K, 97% used [0x00000000e0380000,0x00000000e0c479c8,0x00000000e0c80000)
  to   space 12288K, 0% used [0x00000000df480000,0x00000000df480000,0x00000000e0080000)
 ParOldGen       total 77824K, used 18832K [0x0000000080e00000, 0x0000000085a00000, 0x00000000d5a00000)
  object space 77824K, 24% used [0x0000000080e00000,0x00000000820640e0,0x0000000085a00000)
 Metaspace       used 46752K, capacity 47906K, committed 48128K, reserved 1091584K
  class space    used 6302K, capacity 6646K, committed 6656K, reserved 1048576K
Event: 21.143 GC heap after
Heap after GC invocations=13 (full 2):
 PSYoungGen      total 170496K, used 12286K [0x00000000d5a00000, 0x00000000e3200000, 0x0000000100000000)
  eden space 158208K, 0% used [0x00000000d5a00000,0x00000000d5a00000,0x00000000df480000)
  from space 12288K, 99% used [0x00000000df480000,0x00000000e007fab0,0x00000000e0080000)
  to   space 15872K, 0% used [0x00000000e2280000,0x00000000e2280000,0x00000000e3200000)
 ParOldGen       total 77824K, used 24103K [0x0000000080e00000, 0x0000000085a00000, 0x00000000d5a00000)
  object space 77824K, 30% used [0x0000000080e00000,0x0000000082589ef8,0x0000000085a00000)
 Metaspace       used 46752K, capacity 47906K, committed 48128K, reserved 1091584K
  class space    used 6302K, capacity 6646K, committed 6656K, reserved 1048576K
}
Event: 22.113 GC heap before
{Heap before GC invocations=14 (full 2):
 PSYoungGen      total 170496K, used 170494K [0x00000000d5a00000, 0x00000000e3200000, 0x0000000100000000)
  eden space 158208K, 100% used [0x00000000d5a00000,0x00000000df480000,0x00000000df480000)
  from space 12288K, 99% used [0x00000000df480000,0x00000000e007fab0,0x00000000e0080000)
  to   space 15872K, 0% used [0x00000000e2280000,0x00000000e2280000,0x00000000e3200000)
 ParOldGen       total 77824K, used 24103K [0x0000000080e00000, 0x0000000085a00000, 0x00000000d5a00000)
  object space 77824K, 30% used [0x0000000080e00000,0x0000000082589ef8,0x0000000085a00000)
 Metaspace       used 50330K, capacity 51786K, committed 52096K, reserved 1093632K
  class space    used 6800K, capacity 7180K, committed 7296K, reserved 1048576K
Event: 22.129 GC heap after
Heap after GC invocations=14 (full 2):
 PSYoungGen      total 205824K, used 6677K [0x00000000d5a00000, 0x00000000e4500000, 0x0000000100000000)
  eden space 189952K, 0% used [0x00000000d5a00000,0x00000000d5a00000,0x00000000e1380000)
  from space 15872K, 42% used [0x00000000e2280000,0x00000000e2905610,0x00000000e3200000)
  to   space 15360K, 0% used [0x00000000e1380000,0x00000000e1380000,0x00000000e2280000)
 ParOldGen       total 77824K, used 29811K [0x0000000080e00000, 0x0000000085a00000, 0x00000000d5a00000)
  object space 77824K, 38% used [0x0000000080e00000,0x0000000082b1ce30,0x0000000085a00000)
 Metaspace       used 50330K, capacity 51786K, committed 52096K, reserved 1093632K
  class space    used 6800K, capacity 7180K, committed 7296K, reserved 1048576K
}
Event: 29.992 GC heap before
{Heap before GC invocations=15 (full 2):
 PSYoungGen      total 205824K, used 196629K [0x00000000d5a00000, 0x00000000e4500000, 0x0000000100000000)
  eden space 189952K, 100% used [0x00000000d5a00000,0x00000000e1380000,0x00000000e1380000)
  from space 15872K, 42% used [0x00000000e2280000,0x00000000e2905610,0x00000000e3200000)
  to   space 15360K, 0% used [0x00000000e1380000,0x00000000e1380000,0x00000000e2280000)
 ParOldGen       total 77824K, used 29811K [0x0000000080e00000, 0x0000000085a00000, 0x00000000d5a00000)
  object space 77824K, 38% used [0x0000000080e00000,0x0000000082b1ce30,0x0000000085a00000)
 Metaspace       used 52582K, capacity 54418K, committed 54784K, reserved 1095680K
  class space    used 7098K, capacity 7563K, committed 7680K, reserved 1048576K
Event: 30.010 GC heap after
Heap after GC invocations=15 (full 2):
 PSYoungGen      total 205312K, used 12457K [0x00000000d5a00000, 0x00000000e6980000, 0x0000000100000000)
  eden space 189952K, 0% used [0x00000000d5a00000,0x00000000d5a00000,0x00000000e1380000)
  from space 15360K, 81% used [0x00000000e1380000,0x00000000e1faa708,0x00000000e2280000)
  to   space 16384K, 0% used [0x00000000e5980000,0x00000000e5980000,0x00000000e6980000)
 ParOldGen       total 77824K, used 35321K [0x0000000080e00000, 0x0000000085a00000, 0x00000000d5a00000)
  object space 77824K, 45% used [0x0000000080e00000,0x000000008307e650,0x0000000085a00000)
 Metaspace       used 52582K, capacity 54418K, committed 54784K, reserved 1095680K
  class space    used 7098K, capacity 7563K, committed 7680K, reserved 1048576K
}
Event: 38.830 GC heap before
{Heap before GC invocations=16 (full 2):
 PSYoungGen      total 205312K, used 202409K [0x00000000d5a00000, 0x00000000e6980000, 0x0000000100000000)
  eden space 189952K, 100% used [0x00000000d5a00000,0x00000000e1380000,0x00000000e1380000)
  from space 15360K, 81% used [0x00000000e1380000,0x00000000e1faa708,0x00000000e2280000)
  to   space 16384K, 0% used [0x00000000e5980000,0x00000000e5980000,0x00000000e6980000)
 ParOldGen       total 77824K, used 35321K [0x0000000080e00000, 0x0000000085a00000, 0x00000000d5a00000)
  object space 77824K, 45% used [0x0000000080e00000,0x000000008307e650,0x0000000085a00000)
 Metaspace       used 53501K, capacity 55574K, committed 55680K, reserved 1097728K
  class space    used 7172K, capacity 7727K, committed 7808K, reserved 1048576K
Event: 38.847 GC heap after
Heap after GC invocations=16 (full 2):
 PSYoungGen      total 250880K, used 11412K [0x00000000d5a00000, 0x00000000e6500000, 0x0000000100000000)
  eden space 239104K, 0% used [0x00000000d5a00000,0x00000000d5a00000,0x00000000e4380000)
  from space 11776K, 96% used [0x00000000e5980000,0x00000000e64a53b0,0x00000000e6500000)
  to   space 16384K, 0% used [0x00000000e4500000,0x00000000e4500000,0x00000000e5500000)
 ParOldGen       total 77824K, used 45430K [0x0000000080e00000, 0x0000000085a00000, 0x00000000d5a00000)
  object space 77824K, 58% used [0x0000000080e00000,0x0000000083a5db48,0x0000000085a00000)
 Metaspace       used 53501K, capacity 55574K, committed 55680K, reserved 1097728K
  class space    used 7172K, capacity 7727K, committed 7808K, reserved 1048576K
}
Event: 50.520 GC heap before
{Heap before GC invocations=17 (full 2):
 PSYoungGen      total 250880K, used 250516K [0x00000000d5a00000, 0x00000000e6500000, 0x0000000100000000)
  eden space 239104K, 100% used [0x00000000d5a00000,0x00000000e4380000,0x00000000e4380000)
  from space 11776K, 96% used [0x00000000e5980000,0x00000000e64a53b0,0x00000000e6500000)
  to   space 16384K, 0% used [0x00000000e4500000,0x00000000e4500000,0x00000000e5500000)
 ParOldGen       total 77824K, used 45430K [0x0000000080e00000, 0x0000000085a00000, 0x00000000d5a00000)
  object space 77824K, 58% used [0x0000000080e00000,0x0000000083a5db48,0x0000000085a00000)
 Metaspace       used 54157K, capacity 56766K, committed 56960K, reserved 1097728K
  class space    used 7264K, capacity 7958K, committed 8064K, reserved 1048576K
Event: 50.545 GC heap after
Heap after GC invocations=17 (full 2):
 PSYoungGen      total 255488K, used 16384K [0x00000000d5a00000, 0x00000000e6500000, 0x0000000100000000)
  eden space 239104K, 0% used [0x00000000d5a00000,0x00000000d5a00000,0x00000000e4380000)
  from space 16384K, 100% used [0x00000000e4500000,0x00000000e5500000,0x00000000e5500000)
  to   space 11776K, 0% used [0x00000000e5980000,0x00000000e5980000,0x00000000e6500000)
 ParOldGen       total 77824K, used 51693K [0x0000000080e00000, 0x0000000085a00000, 0x00000000d5a00000)
  object space 77824K, 66% used [0x0000000080e00000,0x000000008407b7f8,0x0000000085a00000)
 Metaspace       used 54157K, capacity 56766K, committed 56960K, reserved 1097728K
  class space    used 7264K, capacity 7958K, committed 8064K, reserved 1048576K
}

