# JRE version: Java(TM) SE Runtime Environment (8.0_161-b12) (build 1.8.0_161-b12)
# Java VM: Java HotSpot(TM) 64-Bit Server VM (25.161-b12 mixed mode windows-amd64 compressed oops)
Heap:
 PSYoungGen      total 374272K, used 43652K [0x00000000d5a00000, 0x00000000edc00000, 0x0000000100000000)
  eden space 354816K, 11% used [0x00000000d5a00000,0x00000000d836c200,0x00000000eb480000)
  from space 19456K, 6% used [0x00000000eb600000,0x00000000eb735058,0x00000000ec900000)
  to   space 16896K, 0% used [0x00000000ecb80000,0x00000000ecb80000,0x00000000edc00000)
 ParOldGen       total 74752K, used 74490K [0x0000000080e00000, 0x0000000085700000, 0x00000000d5a00000)
  object space 74752K, 99% used [0x0000000080e00000,0x00000000856beb90,0x0000000085700000)
 Metaspace       used 54349K, capacity 57308K, committed 57600K, reserved 1099776K
  class space    used 7309K, capacity 8104K, committed 8192K, reserved 1048576K
GC Heap History (10 events):
Event: 11.042 GC heap before
{Heap before GC invocations=12 (full 2):
 PSYoungGen      total 198656K, used 197874K [0x00000000d5a00000, 0x00000000e7b00000, 0x0000000100000000)
  eden space 185856K, 100% used [0x00000000d5a00000,0x00000000e0f80000,0x00000000e0f80000)
  from space 12800K, 93% used [0x00000000e0f80000,0x00000000e1b3ca38,0x00000000e1c00000)
  to   space 14336K, 0% used [0x00000000e6d00000,0x00000000e6d00000,0x00000000e7b00000)
 ParOldGen       total 74752K, used 17799K [0x0000000080e00000, 0x0000000085700000, 0x00000000d5a00000)
  object space 74752K, 23% used [0x0000000080e00000,0x0000000081f61f18,0x0000000085700000)
 Metaspace       used 46946K, capacity 48168K, committed 48512K, reserved 1091584K
  class space    used 6364K, capacity 6711K, committed 6784K, reserved 1048576K
Event: 11.055 GC heap after
Heap after GC invocations=12 (full 2):
 PSYoungGen      total 275968K, used 14321K [0x00000000d5a00000, 0x00000000e7b00000, 0x0000000100000000)
  eden space 261632K, 0% used [0x00000000d5a00000,0x00000000d5a00000,0x00000000e5980000)
  from space 14336K, 99% used [0x00000000e6d00000,0x00000000e7afc558,0x00000000e7b00000)
  to   space 16384K, 0% used [0x00000000e5b00000,0x00000000e5b00000,0x00000000e6b00000)
 ParOldGen       total 74752K, used 18910K [0x0000000080e00000, 0x0000000085700000, 0x00000000d5a00000)
  object space 74752K, 25% used [0x0000000080e00000,0x0000000082077968,0x0000000085700000)
 Metaspace       used 46946K, capacity 48168K, committed 48512K, reserved 1091584K
  class space    used 6364K, capacity 6711K, committed 6784K, reserved 1048576K
}
Event: 14.291 GC heap before
{Heap before GC invocations=13 (full 2):
 PSYoungGen      total 275968K, used 275953K [0x00000000d5a00000, 0x00000000e7b00000, 0x0000000100000000)
  eden space 261632K, 100% used [0x00000000d5a00000,0x00000000e5980000,0x00000000e5980000)
  from space 14336K, 99% used [0x00000000e6d00000,0x00000000e7afc558,0x00000000e7b00000)
  to   space 16384K, 0% used [0x00000000e5b00000,0x00000000e5b00000,0x00000000e6b00000)
 ParOldGen       total 74752K, used 18910K [0x0000000080e00000, 0x0000000085700000, 0x00000000d5a00000)
  object space 74752K, 25% used [0x0000000080e00000,0x0000000082077968,0x0000000085700000)
 Metaspace       used 49366K, capacity 51148K, committed 51200K, reserved 1093632K
  class space    used 6668K, capacity 7140K, committed 7168K, reserved 1048576K
Event: 14.321 GC heap after
Heap after GC invocations=13 (full 2):
 PSYoungGen      total 279552K, used 15633K [0x00000000d5a00000, 0x00000000edd00000, 0x0000000100000000)
  eden space 263168K, 0% used [0x00000000d5a00000,0x00000000d5a00000,0x00000000e5b00000)
  from space 16384K, 95% used [0x00000000e5b00000,0x00000000e6a447c8,0x00000000e6b00000)
  to   space 17920K, 0% used [0x00000000ecb80000,0x00000000ecb80000,0x00000000edd00000)
 ParOldGen       total 74752K, used 31639K [0x0000000080e00000, 0x0000000085700000, 0x00000000d5a00000)
  object space 74752K, 42% used [0x0000000080e00000,0x0000000082ce5d68,0x0000000085700000)
 Metaspace       used 49366K, capacity 51148K, committed 51200K, reserved 1093632K
  class space    used 6668K, capacity 7140K, committed 7168K, reserved 1048576K
}
Event: 19.312 GC heap before
{Heap before GC invocations=14 (full 2):
 PSYoungGen      total 279552K, used 278801K [0x00000000d5a00000, 0x00000000edd00000, 0x0000000100000000)
  eden space 263168K, 100% used [0x00000000d5a00000,0x00000000e5b00000,0x00000000e5b00000)
  from space 16384K, 95% used [0x00000000e5b00000,0x00000000e6a447c8,0x00000000e6b00000)
  to   space 17920K, 0% used [0x00000000ecb80000,0x00000000ecb80000,0x00000000edd00000)
 ParOldGen       total 74752K, used 31639K [0x0000000080e00000, 0x0000000085700000, 0x00000000d5a00000)
  object space 74752K, 42% used [0x0000000080e00000,0x0000000082ce5d68,0x0000000085700000)
 Metaspace       used 53464K, capacity 55696K, committed 55936K, reserved 1097728K
  class space    used 7176K, capacity 7778K, committed 7808K, reserved 1048576K
Event: 19.350 GC heap after
Heap after GC invocations=14 (full 2):
 PSYoungGen      total 371712K, used 16639K [0x00000000d5a00000, 0x00000000edc00000, 0x0000000100000000)
  eden space 354816K, 0% used [0x00000000d5a00000,0x00000000d5a00000,0x00000000eb480000)
  from space 16896K, 98% used [0x00000000ecb80000,0x00000000edbbfdb0,0x00000000edc00000)
  to   space 19456K, 0% used [0x00000000eb600000,0x00000000eb600000,0x00000000ec900000)
 ParOldGen       total 74752K, used 45472K [0x0000000080e00000, 0x0000000085700000, 0x00000000d5a00000)
  object space 74752K, 60% used [0x0000000080e00000,0x0000000083a682c8,0x0000000085700000)
 Metaspace       used 53464K, capacity 55696K, committed 55936K, reserved 1097728K
  class space    used 7176K, capacity 7778K, committed 7808K, reserved 1048576K
}
Event: 22.312 GC heap before
{Heap before GC invocations=15 (full 2):
 PSYoungGen      total 371712K, used 371455K [0x00000000d5a00000, 0x00000000edc00000, 0x0000000100000000)
  eden space 354816K, 100% used [0x00000000d5a00000,0x00000000eb480000,0x00000000eb480000)
  from space 16896K, 98% used [0x00000000ecb80000,0x00000000edbbfdb0,0x00000000edc00000)
  to   space 19456K, 0% used [0x00000000eb600000,0x00000000eb600000,0x00000000ec900000)
 ParOldGen       total 74752K, used 45472K [0x0000000080e00000, 0x0000000085700000, 0x00000000d5a00000)
  object space 74752K, 60% used [0x0000000080e00000,0x0000000083a682c8,0x0000000085700000)
 Metaspace       used 54344K, capacity 57244K, committed 57344K, reserved 1097728K
  class space    used 7309K, capacity 8104K, committed 8192K, reserved 1048576K
Event: 22.345 GC heap after
Heap after GC invocations=15 (full 2):
 PSYoungGen      total 374272K, used 19456K [0x00000000d5a00000, 0x00000000edc00000, 0x0000000100000000)
  eden space 354816K, 0% used [0x00000000d5a00000,0x00000000d5a00000,0x00000000eb480000)
  from space 19456K, 100% used [0x00000000eb600000,0x00000000ec900000,0x00000000ec900000)
  to   space 16896K, 0% used [0x00000000ecb80000,0x00000000ecb80000,0x00000000edc00000)
 ParOldGen       total 74752K, used 61477K [0x0000000080e00000, 0x0000000085700000, 0x00000000d5a00000)
  object space 74752K, 82% used [0x0000000080e00000,0x0000000084a09570,0x0000000085700000)
 Metaspace       used 54344K, capacity 57244K, committed 57344K, reserved 1097728K
  class space    used 7309K, capacity 8104K, committed 8192K, reserved 1048576K
}
Event: 22.345 GC heap before
{Heap before GC invocations=16 (full 3):
 PSYoungGen      total 374272K, used 19456K [0x00000000d5a00000, 0x00000000edc00000, 0x0000000100000000)
  eden space 354816K, 0% used [0x00000000d5a00000,0x00000000d5a00000,0x00000000eb480000)
  from space 19456K, 100% used [0x00000000eb600000,0x00000000ec900000,0x00000000ec900000)
  to   space 16896K, 0% used [0x00000000ecb80000,0x00000000ecb80000,0x00000000edc00000)
 ParOldGen       total 74752K, used 61477K [0x0000000080e00000, 0x0000000085700000, 0x00000000d5a00000)
  object space 74752K, 82% used [0x0000000080e00000,0x0000000084a09570,0x0000000085700000)
 Metaspace       used 54344K, capacity 57244K, committed 57344K, reserved 1097728K
  class space    used 7309K, capacity 8104K, committed 8192K, reserved 1048576K
Event: 22.791 GC heap after
Heap after GC invocations=16 (full 3):
 PSYoungGen      total 374272K, used 1236K [0x00000000d5a00000, 0x00000000edc00000, 0x0000000100000000)
  eden space 354816K, 0% used [0x00000000d5a00000,0x00000000d5a00000,0x00000000eb480000)
  from space 19456K, 6% used [0x00000000eb600000,0x00000000eb735058,0x00000000ec900000)
  to   space 16896K, 0% used [0x00000000ecb80000,0x00000000ecb80000,0x00000000edc00000)
 ParOldGen       total 74752K, used 74490K [0x0000000080e00000, 0x0000000085700000, 0x00000000d5a00000)
  object space 74752K, 99% used [0x0000000080e00000,0x00000000856beb90,0x0000000085700000)
 Metaspace       used 54344K, capacity 57244K, committed 57344K, reserved 1097728K
  class space    used 7309K, capacity 8104K, committed 8192K, reserved 1048576K
}

