# JRE version: Java(TM) SE Runtime Environment (8.0_161-b12) (build 1.8.0_161-b12)
# Java VM: Java HotSpot(TM) 64-Bit Server VM (25.161-b12 mixed mode windows-amd64 compressed oops)
Heap:
 PSYoungGen      total 369664K, used 65601K [0x00000000d5a00000, 0x00000000edf80000, 0x0000000100000000)
  eden space 340992K, 19% used [0x00000000d5a00000,0x00000000d9a10620,0x00000000ea700000)
  from space 28672K, 0% used [0x00000000ec200000,0x00000000ec200000,0x00000000ede00000)
  to   space 27648K, 0% used [0x00000000ea700000,0x00000000ea700000,0x00000000ec200000)
 ParOldGen       total 86016K, used 85939K [0x0000000080e00000, 0x0000000086200000, 0x00000000d5a00000)
  object space 86016K, 99% used [0x0000000080e00000,0x00000000861ecc80,0x0000000086200000)
 Metaspace       used 59355K, capacity 63488K, committed 63576K, reserved 1103872K
  class space    used 7979K, capacity 8980K, committed 9048K, reserved 1048576K
GC Heap History (10 events):
Event: 24.501 GC heap before
{Heap before GC invocations=18 (full 4):
 PSYoungGen      total 369664K, used 340992K [0x00000000d5a00000, 0x00000000edf80000, 0x0000000100000000)
  eden space 340992K, 100% used [0x00000000d5a00000,0x00000000ea700000,0x00000000ea700000)
  from space 28672K, 0% used [0x00000000ec200000,0x00000000ec200000,0x00000000ede00000)
  to   space 27648K, 0% used [0x00000000ea700000,0x00000000ea700000,0x00000000ec200000)
 ParOldGen       total 86016K, used 82268K [0x0000000080e00000, 0x0000000086200000, 0x00000000d5a00000)
  object space 86016K, 95% used [0x0000000080e00000,0x0000000085e572e0,0x0000000086200000)
 Metaspace       used 56697K, capacity 60420K, committed 60632K, reserved 1101824K
  class space    used 7643K, capacity 8620K, committed 8664K, reserved 1048576K
Event: 25.007 GC heap after
Heap after GC invocations=18 (full 4):
 PSYoungGen      total 369664K, used 5012K [0x00000000d5a00000, 0x00000000edf80000, 0x0000000100000000)
  eden space 340992K, 1% used [0x00000000d5a00000,0x00000000d5ee5120,0x00000000ea700000)
  from space 28672K, 0% used [0x00000000ec200000,0x00000000ec200000,0x00000000ede00000)
  to   space 27648K, 0% used [0x00000000ea700000,0x00000000ea700000,0x00000000ec200000)
 ParOldGen       total 86016K, used 85997K [0x0000000080e00000, 0x0000000086200000, 0x00000000d5a00000)
  object space 86016K, 99% used [0x0000000080e00000,0x00000000861fb5c8,0x0000000086200000)
 Metaspace       used 56697K, capacity 60420K, committed 60632K, reserved 1101824K
  class space    used 7643K, capacity 8620K, committed 8664K, reserved 1048576K
}
Event: 27.432 GC heap before
{Heap before GC invocations=19 (full 5):
 PSYoungGen      total 369664K, used 340992K [0x00000000d5a00000, 0x00000000edf80000, 0x0000000100000000)
  eden space 340992K, 100% used [0x00000000d5a00000,0x00000000ea700000,0x00000000ea700000)
  from space 28672K, 0% used [0x00000000ec200000,0x00000000ec200000,0x00000000ede00000)
  to   space 27648K, 0% used [0x00000000ea700000,0x00000000ea700000,0x00000000ec200000)
 ParOldGen       total 86016K, used 85997K [0x0000000080e00000, 0x0000000086200000, 0x00000000d5a00000)
  object space 86016K, 99% used [0x0000000080e00000,0x00000000861fb5c8,0x0000000086200000)
 Metaspace       used 56947K, capacity 60800K, committed 60888K, reserved 1101824K
  class space    used 7668K, capacity 8662K, committed 8664K, reserved 1048576K
Event: 27.660 GC heap after
Heap after GC invocations=19 (full 5):
 PSYoungGen      total 369664K, used 4743K [0x00000000d5a00000, 0x00000000edf80000, 0x0000000100000000)
  eden space 340992K, 1% used [0x00000000d5a00000,0x00000000d5ea1d00,0x00000000ea700000)
  from space 28672K, 0% used [0x00000000ec200000,0x00000000ec200000,0x00000000ede00000)
  to   space 27648K, 0% used [0x00000000ea700000,0x00000000ea700000,0x00000000ec200000)
 ParOldGen       total 86016K, used 85998K [0x0000000080e00000, 0x0000000086200000, 0x00000000d5a00000)
  object space 86016K, 99% used [0x0000000080e00000,0x00000000861fb9b8,0x0000000086200000)
 Metaspace       used 56947K, capacity 60800K, committed 60888K, reserved 1101824K
  class space    used 7668K, capacity 8662K, committed 8664K, reserved 1048576K
}
Event: 29.776 GC heap before
{Heap before GC invocations=20 (full 6):
 PSYoungGen      total 369664K, used 340992K [0x00000000d5a00000, 0x00000000edf80000, 0x0000000100000000)
  eden space 340992K, 100% used [0x00000000d5a00000,0x00000000ea700000,0x00000000ea700000)
  from space 28672K, 0% used [0x00000000ec200000,0x00000000ec200000,0x00000000ede00000)
  to   space 27648K, 0% used [0x00000000ea700000,0x00000000ea700000,0x00000000ec200000)
 ParOldGen       total 86016K, used 85998K [0x0000000080e00000, 0x0000000086200000, 0x00000000d5a00000)
  object space 86016K, 99% used [0x0000000080e00000,0x00000000861fb9b8,0x0000000086200000)
 Metaspace       used 57226K, capacity 61330K, committed 61528K, reserved 1101824K
  class space    used 7705K, capacity 8729K, committed 8792K, reserved 1048576K
Event: 29.906 GC heap after
Heap after GC invocations=20 (full 6):
 PSYoungGen      total 369664K, used 4681K [0x00000000d5a00000, 0x00000000edf80000, 0x0000000100000000)
  eden space 340992K, 1% used [0x00000000d5a00000,0x00000000d5e92550,0x00000000ea700000)
  from space 28672K, 0% used [0x00000000ec200000,0x00000000ec200000,0x00000000ede00000)
  to   space 27648K, 0% used [0x00000000ea700000,0x00000000ea700000,0x00000000ec200000)
 ParOldGen       total 86016K, used 85962K [0x0000000080e00000, 0x0000000086200000, 0x00000000d5a00000)
  object space 86016K, 99% used [0x0000000080e00000,0x00000000861f28b8,0x0000000086200000)
 Metaspace       used 57226K, capacity 61330K, committed 61528K, reserved 1101824K
  class space    used 7705K, capacity 8729K, committed 8792K, reserved 1048576K
}
Event: 31.905 GC heap before
{Heap before GC invocations=21 (full 7):
 PSYoungGen      total 369664K, used 340992K [0x00000000d5a00000, 0x00000000edf80000, 0x0000000100000000)
  eden space 340992K, 100% used [0x00000000d5a00000,0x00000000ea700000,0x00000000ea700000)
  from space 28672K, 0% used [0x00000000ec200000,0x00000000ec200000,0x00000000ede00000)
  to   space 27648K, 0% used [0x00000000ea700000,0x00000000ea700000,0x00000000ec200000)
 ParOldGen       total 86016K, used 85962K [0x0000000080e00000, 0x0000000086200000, 0x00000000d5a00000)
  object space 86016K, 99% used [0x0000000080e00000,0x00000000861f28b8,0x0000000086200000)
 Metaspace       used 57627K, capacity 61738K, committed 61784K, reserved 1101824K
  class space    used 7779K, capacity 8783K, committed 8792K, reserved 1048576K
Event: 32.205 GC heap after
Heap after GC invocations=21 (full 7):
 PSYoungGen      total 369664K, used 4786K [0x00000000d5a00000, 0x00000000edf80000, 0x0000000100000000)
  eden space 340992K, 1% used [0x00000000d5a00000,0x00000000d5eac898,0x00000000ea700000)
  from space 28672K, 0% used [0x00000000ec200000,0x00000000ec200000,0x00000000ede00000)
  to   space 27648K, 0% used [0x00000000ea700000,0x00000000ea700000,0x00000000ec200000)
 ParOldGen       total 86016K, used 85947K [0x0000000080e00000, 0x0000000086200000, 0x00000000d5a00000)
  object space 86016K, 99% used [0x0000000080e00000,0x00000000861eece0,0x0000000086200000)
 Metaspace       used 57627K, capacity 61738K, committed 61784K, reserved 1101824K
  class space    used 7779K, capacity 8783K, committed 8792K, reserved 1048576K
}
Event: 33.818 GC heap before
{Heap before GC invocations=22 (full 8):
 PSYoungGen      total 369664K, used 340992K [0x00000000d5a00000, 0x00000000edf80000, 0x0000000100000000)
  eden space 340992K, 100% used [0x00000000d5a00000,0x00000000ea700000,0x00000000ea700000)
  from space 28672K, 0% used [0x00000000ec200000,0x00000000ec200000,0x00000000ede00000)
  to   space 27648K, 0% used [0x00000000ea700000,0x00000000ea700000,0x00000000ec200000)
 ParOldGen       total 86016K, used 85947K [0x0000000080e00000, 0x0000000086200000, 0x00000000d5a00000)
  object space 86016K, 99% used [0x0000000080e00000,0x00000000861eece0,0x0000000086200000)
 Metaspace       used 57646K, capacity 61804K, committed 62040K, reserved 1101824K
  class space    used 7780K, capacity 8784K, committed 8792K, reserved 1048576K
Event: 33.950 GC heap after
Heap after GC invocations=22 (full 8):
 PSYoungGen      total 369664K, used 5154K [0x00000000d5a00000, 0x00000000edf80000, 0x0000000100000000)
  eden space 340992K, 1% used [0x00000000d5a00000,0x00000000d5f08980,0x00000000ea700000)
  from space 28672K, 0% used [0x00000000ec200000,0x00000000ec200000,0x00000000ede00000)
  to   space 27648K, 0% used [0x00000000ea700000,0x00000000ea700000,0x00000000ec200000)
 ParOldGen       total 86016K, used 85939K [0x0000000080e00000, 0x0000000086200000, 0x00000000d5a00000)
  object space 86016K, 99% used [0x0000000080e00000,0x00000000861ecc80,0x0000000086200000)
 Metaspace       used 57646K, capacity 61804K, committed 62040K, reserved 1101824K
  class space    used 7780K, capacity 8784K, committed 8792K, reserved 1048576K
}

